<?xml version="1.0" encoding="UTF-8"?>
<testsuite xmlns:xsi="http://www.w3.org/2001/XMLSchema-instance" xsi:noNamespaceSchemaLocation="https://maven.apache.org/surefire/maven-surefire-plugin/xsd/surefire-test-report.xsd" name="TestSuite" time="151.317" tests="12" errors="0" skipped="0" failures="0">
  <properties>
    <property name="gopherProxySet" value="false"/>
    <property name="awt.toolkit" value="sun.lwawt.macosx.LWCToolkit"/>
    <property name="file.encoding.pkg" value="sun.io"/>
    <property name="java.specification.version" value="1.8"/>
    <property name="sun.cpu.isalist" value=""/>
    <property name="sun.jnu.encoding" value="UTF-8"/>
    <property name="java.class.path" value="/Users/macbookpro/eclipse-workspace/tumblrapis/target/test-classes:/Users/macbookpro/eclipse-workspace/tumblrapis/target/classes:/Users/macbookpro/.m2/repository/org/testng/testng/7.0.0/testng-7.0.0.jar:/Users/macbookpro/.m2/repository/com/beust/jcommander/1.78/jcommander-1.78.jar:/Users/macbookpro/.m2/repository/io/rest-assured/rest-assured/4.1.2/rest-assured-4.1.2.jar:/Users/macbookpro/.m2/repository/org/codehaus/groovy/groovy/2.5.8/groovy-2.5.8.jar:/Users/macbookpro/.m2/repository/org/codehaus/groovy/groovy-xml/2.5.8/groovy-xml-2.5.8.jar:/Users/macbookpro/.m2/repository/org/apache/httpcomponents/httpclient/4.5.3/httpclient-4.5.3.jar:/Users/macbookpro/.m2/repository/org/apache/httpcomponents/httpcore/4.4.6/httpcore-4.4.6.jar:/Users/macbookpro/.m2/repository/commons-logging/commons-logging/1.2/commons-logging-1.2.jar:/Users/macbookpro/.m2/repository/commons-codec/commons-codec/1.9/commons-codec-1.9.jar:/Users/macbookpro/.m2/repository/org/apache/httpcomponents/httpmime/4.5.3/httpmime-4.5.3.jar:/Users/macbookpro/.m2/repository/org/hamcrest/hamcrest/2.1/hamcrest-2.1.jar:/Users/macbookpro/.m2/repository/org/ccil/cowan/tagsoup/tagsoup/1.2.1/tagsoup-1.2.1.jar:/Users/macbookpro/.m2/repository/io/rest-assured/json-path/4.1.2/json-path-4.1.2.jar:/Users/macbookpro/.m2/repository/org/codehaus/groovy/groovy-json/2.5.8/groovy-json-2.5.8.jar:/Users/macbookpro/.m2/repository/io/rest-assured/rest-assured-common/4.1.2/rest-assured-common-4.1.2.jar:/Users/macbookpro/.m2/repository/io/rest-assured/xml-path/4.1.2/xml-path-4.1.2.jar:/Users/macbookpro/.m2/repository/org/apache/commons/commons-lang3/3.4/commons-lang3-3.4.jar:/Users/macbookpro/.m2/repository/javax/xml/bind/jaxb-api/2.3.1/jaxb-api-2.3.1.jar:/Users/macbookpro/.m2/repository/javax/activation/javax.activation-api/1.2.0/javax.activation-api-1.2.0.jar:/Users/macbookpro/.m2/repository/com/sun/xml/bind/jaxb-osgi/2.3.0.1/jaxb-osgi-2.3.0.1.jar:/Users/macbookpro/.m2/repository/org/apache/sling/org.apache.sling.javax.activation/0.1.0/org.apache.sling.javax.activation-0.1.0.jar:/Users/macbookpro/.m2/repository/javax/activation/activation/1.1.1/activation-1.1.1.jar:/Users/macbookpro/.m2/repository/io/rest-assured/json-schema-validator/4.1.2/json-schema-validator-4.1.2.jar:/Users/macbookpro/.m2/repository/com/github/java-json-tools/json-schema-validator/2.2.10/json-schema-validator-2.2.10.jar:/Users/macbookpro/.m2/repository/com/github/java-json-tools/json-schema-core/1.2.10/json-schema-core-1.2.10.jar:/Users/macbookpro/.m2/repository/com/github/java-json-tools/jackson-coreutils/1.9/jackson-coreutils-1.9.jar:/Users/macbookpro/.m2/repository/com/fasterxml/jackson/core/jackson-databind/2.2.3/jackson-databind-2.2.3.jar:/Users/macbookpro/.m2/repository/com/fasterxml/jackson/core/jackson-core/2.2.3/jackson-core-2.2.3.jar:/Users/macbookpro/.m2/repository/com/google/guava/guava/16.0.1/guava-16.0.1.jar:/Users/macbookpro/.m2/repository/com/github/fge/msg-simple/1.1/msg-simple-1.1.jar:/Users/macbookpro/.m2/repository/com/github/fge/btf/1.2/btf-1.2.jar:/Users/macbookpro/.m2/repository/com/github/fge/uri-template/0.9/uri-template-0.9.jar:/Users/macbookpro/.m2/repository/org/mozilla/rhino/1.7.7.1/rhino-1.7.7.1.jar:/Users/macbookpro/.m2/repository/javax/mail/mailapi/1.4.3/mailapi-1.4.3.jar:/Users/macbookpro/.m2/repository/joda-time/joda-time/2.9.7/joda-time-2.9.7.jar:/Users/macbookpro/.m2/repository/com/googlecode/libphonenumber/libphonenumber/8.0.0/libphonenumber-8.0.0.jar:/Users/macbookpro/.m2/repository/com/google/code/findbugs/jsr305/3.0.1/jsr305-3.0.1.jar:/Users/macbookpro/.m2/repository/net/sf/jopt-simple/jopt-simple/5.0.3/jopt-simple-5.0.3.jar:/Users/macbookpro/.m2/repository/com/google/code/gson/gson/2.8.6/gson-2.8.6.jar:/Users/macbookpro/.m2/repository/org/json/json/20190722/json-20190722.jar:/Users/macbookpro/.m2/repository/com/fasterxml/jackson/core/jackson-annotations/2.10.1/jackson-annotations-2.10.1.jar:/Users/macbookpro/.m2/repository/com/github/scribejava/scribejava-core/2.5.3/scribejava-core-2.5.3.jar:/Users/macbookpro/.m2/repository/com/github/scribejava/scribejava-apis/2.5.3/scribejava-apis-2.5.3.jar:/Users/macbookpro/.m2/repository/org/apache/logging/log4j/log4j-api/2.11.0/log4j-api-2.11.0.jar:/Users/macbookpro/.m2/repository/org/apache/logging/log4j/log4j-core/2.11.0/log4j-core-2.11.0.jar:/Users/macbookpro/.m2/repository/org/apache/logging/log4j/log4j-iostreams/2.11.0/log4j-iostreams-2.11.0.jar:/Users/macbookpro/.m2/repository/com/aventstack/extentreports/4.0.9/extentreports-4.0.9.jar:/Users/macbookpro/.m2/repository/org/freemarker/freemarker/2.3.23/freemarker-2.3.23.jar:/Users/macbookpro/.m2/repository/org/mongodb/mongodb-driver/3.3.0/mongodb-driver-3.3.0.jar:/Users/macbookpro/.m2/repository/org/mongodb/mongodb-driver-core/3.3.0/mongodb-driver-core-3.3.0.jar:/Users/macbookpro/.m2/repository/org/mongodb/bson/3.3.0/bson-3.3.0.jar:/Users/macbookpro/.m2/repository/com/relevantcodes/extentreports/2.41.2/extentreports-2.41.2.jar:/Users/macbookpro/.m2/repository/org/jsoup/jsoup/1.8.3/jsoup-1.8.3.jar:/Users/macbookpro/.m2/repository/org/xerial/sqlite-jdbc/3.8.11.1/sqlite-jdbc-3.8.11.1.jar:/Users/macbookpro/.m2/repository/commons-io/commons-io/2.6/commons-io-2.6.jar:/Users/macbookpro/.m2/repository/com/cedarsoftware/json-io/4.12.0/json-io-4.12.0.jar:/Users/macbookpro/.m2/repository/org/apache/maven/surefire/surefire-testng-utils/2.21.0/surefire-testng-utils-2.21.0.jar:/Users/macbookpro/.m2/repository/org/apache/maven/surefire/surefire-grouper/2.21.0/surefire-grouper-2.21.0.jar:"/>
    <property name="java.vm.vendor" value="Oracle Corporation"/>
    <property name="sun.arch.data.model" value="64"/>
    <property name="java.vendor.url" value="http://java.oracle.com/"/>
    <property name="user.timezone" value=""/>
    <property name="java.vm.specification.version" value="1.8"/>
    <property name="os.name" value="Mac OS X"/>
    <property name="user.country" value="US"/>
    <property name="sun.java.launcher" value="SUN_STANDARD"/>
    <property name="sun.boot.library.path" value="/Library/Java/JavaVirtualMachines/jdk1.8.0_221.jdk/Contents/Home/jre/lib"/>
    <property name="sun.java.command" value="/Users/macbookpro/eclipse-workspace/tumblrapis/target/surefire/surefirebooter8715232704950263203.jar /Users/macbookpro/eclipse-workspace/tumblrapis/target/surefire 2019-12-26T16-18-44_869-jvmRun1 surefire1879370487591250879tmp surefire_05902209775776483088tmp"/>
    <property name="http.nonProxyHosts" value="local|*.local|169.254/16|*.169.254/16"/>
    <property name="surefire.test.class.path" value="/Users/macbookpro/eclipse-workspace/tumblrapis/target/test-classes:/Users/macbookpro/eclipse-workspace/tumblrapis/target/classes:/Users/macbookpro/.m2/repository/org/testng/testng/7.0.0/testng-7.0.0.jar:/Users/macbookpro/.m2/repository/com/beust/jcommander/1.78/jcommander-1.78.jar:/Users/macbookpro/.m2/repository/io/rest-assured/rest-assured/4.1.2/rest-assured-4.1.2.jar:/Users/macbookpro/.m2/repository/org/codehaus/groovy/groovy/2.5.8/groovy-2.5.8.jar:/Users/macbookpro/.m2/repository/org/codehaus/groovy/groovy-xml/2.5.8/groovy-xml-2.5.8.jar:/Users/macbookpro/.m2/repository/org/apache/httpcomponents/httpclient/4.5.3/httpclient-4.5.3.jar:/Users/macbookpro/.m2/repository/org/apache/httpcomponents/httpcore/4.4.6/httpcore-4.4.6.jar:/Users/macbookpro/.m2/repository/commons-logging/commons-logging/1.2/commons-logging-1.2.jar:/Users/macbookpro/.m2/repository/commons-codec/commons-codec/1.9/commons-codec-1.9.jar:/Users/macbookpro/.m2/repository/org/apache/httpcomponents/httpmime/4.5.3/httpmime-4.5.3.jar:/Users/macbookpro/.m2/repository/org/hamcrest/hamcrest/2.1/hamcrest-2.1.jar:/Users/macbookpro/.m2/repository/org/ccil/cowan/tagsoup/tagsoup/1.2.1/tagsoup-1.2.1.jar:/Users/macbookpro/.m2/repository/io/rest-assured/json-path/4.1.2/json-path-4.1.2.jar:/Users/macbookpro/.m2/repository/org/codehaus/groovy/groovy-json/2.5.8/groovy-json-2.5.8.jar:/Users/macbookpro/.m2/repository/io/rest-assured/rest-assured-common/4.1.2/rest-assured-common-4.1.2.jar:/Users/macbookpro/.m2/repository/io/rest-assured/xml-path/4.1.2/xml-path-4.1.2.jar:/Users/macbookpro/.m2/repository/org/apache/commons/commons-lang3/3.4/commons-lang3-3.4.jar:/Users/macbookpro/.m2/repository/javax/xml/bind/jaxb-api/2.3.1/jaxb-api-2.3.1.jar:/Users/macbookpro/.m2/repository/javax/activation/javax.activation-api/1.2.0/javax.activation-api-1.2.0.jar:/Users/macbookpro/.m2/repository/com/sun/xml/bind/jaxb-osgi/2.3.0.1/jaxb-osgi-2.3.0.1.jar:/Users/macbookpro/.m2/repository/org/apache/sling/org.apache.sling.javax.activation/0.1.0/org.apache.sling.javax.activation-0.1.0.jar:/Users/macbookpro/.m2/repository/javax/activation/activation/1.1.1/activation-1.1.1.jar:/Users/macbookpro/.m2/repository/io/rest-assured/json-schema-validator/4.1.2/json-schema-validator-4.1.2.jar:/Users/macbookpro/.m2/repository/com/github/java-json-tools/json-schema-validator/2.2.10/json-schema-validator-2.2.10.jar:/Users/macbookpro/.m2/repository/com/github/java-json-tools/json-schema-core/1.2.10/json-schema-core-1.2.10.jar:/Users/macbookpro/.m2/repository/com/github/java-json-tools/jackson-coreutils/1.9/jackson-coreutils-1.9.jar:/Users/macbookpro/.m2/repository/com/fasterxml/jackson/core/jackson-databind/2.2.3/jackson-databind-2.2.3.jar:/Users/macbookpro/.m2/repository/com/fasterxml/jackson/core/jackson-core/2.2.3/jackson-core-2.2.3.jar:/Users/macbookpro/.m2/repository/com/google/guava/guava/16.0.1/guava-16.0.1.jar:/Users/macbookpro/.m2/repository/com/github/fge/msg-simple/1.1/msg-simple-1.1.jar:/Users/macbookpro/.m2/repository/com/github/fge/btf/1.2/btf-1.2.jar:/Users/macbookpro/.m2/repository/com/github/fge/uri-template/0.9/uri-template-0.9.jar:/Users/macbookpro/.m2/repository/org/mozilla/rhino/1.7.7.1/rhino-1.7.7.1.jar:/Users/macbookpro/.m2/repository/javax/mail/mailapi/1.4.3/mailapi-1.4.3.jar:/Users/macbookpro/.m2/repository/joda-time/joda-time/2.9.7/joda-time-2.9.7.jar:/Users/macbookpro/.m2/repository/com/googlecode/libphonenumber/libphonenumber/8.0.0/libphonenumber-8.0.0.jar:/Users/macbookpro/.m2/repository/com/google/code/findbugs/jsr305/3.0.1/jsr305-3.0.1.jar:/Users/macbookpro/.m2/repository/net/sf/jopt-simple/jopt-simple/5.0.3/jopt-simple-5.0.3.jar:/Users/macbookpro/.m2/repository/com/google/code/gson/gson/2.8.6/gson-2.8.6.jar:/Users/macbookpro/.m2/repository/org/json/json/20190722/json-20190722.jar:/Users/macbookpro/.m2/repository/com/fasterxml/jackson/core/jackson-annotations/2.10.1/jackson-annotations-2.10.1.jar:/Users/macbookpro/.m2/repository/com/github/scribejava/scribejava-core/2.5.3/scribejava-core-2.5.3.jar:/Users/macbookpro/.m2/repository/com/github/scribejava/scribejava-apis/2.5.3/scribejava-apis-2.5.3.jar:/Users/macbookpro/.m2/repository/org/apache/logging/log4j/log4j-api/2.11.0/log4j-api-2.11.0.jar:/Users/macbookpro/.m2/repository/org/apache/logging/log4j/log4j-core/2.11.0/log4j-core-2.11.0.jar:/Users/macbookpro/.m2/repository/org/apache/logging/log4j/log4j-iostreams/2.11.0/log4j-iostreams-2.11.0.jar:/Users/macbookpro/.m2/repository/com/aventstack/extentreports/4.0.9/extentreports-4.0.9.jar:/Users/macbookpro/.m2/repository/org/freemarker/freemarker/2.3.23/freemarker-2.3.23.jar:/Users/macbookpro/.m2/repository/org/mongodb/mongodb-driver/3.3.0/mongodb-driver-3.3.0.jar:/Users/macbookpro/.m2/repository/org/mongodb/mongodb-driver-core/3.3.0/mongodb-driver-core-3.3.0.jar:/Users/macbookpro/.m2/repository/org/mongodb/bson/3.3.0/bson-3.3.0.jar:/Users/macbookpro/.m2/repository/com/relevantcodes/extentreports/2.41.2/extentreports-2.41.2.jar:/Users/macbookpro/.m2/repository/org/jsoup/jsoup/1.8.3/jsoup-1.8.3.jar:/Users/macbookpro/.m2/repository/org/xerial/sqlite-jdbc/3.8.11.1/sqlite-jdbc-3.8.11.1.jar:/Users/macbookpro/.m2/repository/commons-io/commons-io/2.6/commons-io-2.6.jar:/Users/macbookpro/.m2/repository/com/cedarsoftware/json-io/4.12.0/json-io-4.12.0.jar:/Users/macbookpro/.m2/repository/org/apache/maven/surefire/surefire-testng-utils/2.21.0/surefire-testng-utils-2.21.0.jar:/Users/macbookpro/.m2/repository/org/apache/maven/surefire/surefire-grouper/2.21.0/surefire-grouper-2.21.0.jar:"/>
    <property name="sun.cpu.endian" value="little"/>
    <property name="user.home" value="/Users/macbookpro"/>
    <property name="user.language" value="en"/>
    <property name="java.specification.vendor" value="Oracle Corporation"/>
    <property name="java.home" value="/Library/Java/JavaVirtualMachines/jdk1.8.0_221.jdk/Contents/Home/jre"/>
    <property name="basedir" value="/Users/macbookpro/eclipse-workspace/tumblrapis"/>
    <property name="file.separator" value="/"/>
    <property name="line.separator" value="&#10;"/>
    <property name="java.vm.specification.vendor" value="Oracle Corporation"/>
    <property name="java.specification.name" value="Java Platform API Specification"/>
    <property name="java.awt.graphicsenv" value="sun.awt.CGraphicsEnvironment"/>
    <property name="surefire.real.class.path" value="/Users/macbookpro/eclipse-workspace/tumblrapis/target/surefire/surefirebooter8715232704950263203.jar"/>
    <property name="sun.boot.class.path" value="/Library/Java/JavaVirtualMachines/jdk1.8.0_221.jdk/Contents/Home/jre/lib/resources.jar:/Library/Java/JavaVirtualMachines/jdk1.8.0_221.jdk/Contents/Home/jre/lib/rt.jar:/Library/Java/JavaVirtualMachines/jdk1.8.0_221.jdk/Contents/Home/jre/lib/sunrsasign.jar:/Library/Java/JavaVirtualMachines/jdk1.8.0_221.jdk/Contents/Home/jre/lib/jsse.jar:/Library/Java/JavaVirtualMachines/jdk1.8.0_221.jdk/Contents/Home/jre/lib/jce.jar:/Library/Java/JavaVirtualMachines/jdk1.8.0_221.jdk/Contents/Home/jre/lib/charsets.jar:/Library/Java/JavaVirtualMachines/jdk1.8.0_221.jdk/Contents/Home/jre/lib/jfr.jar:/Library/Java/JavaVirtualMachines/jdk1.8.0_221.jdk/Contents/Home/jre/classes"/>
    <property name="sun.management.compiler" value="HotSpot 64-Bit Tiered Compilers"/>
    <property name="ftp.nonProxyHosts" value="local|*.local|169.254/16|*.169.254/16"/>
    <property name="java.runtime.version" value="1.8.0_221-b11"/>
    <property name="user.name" value="macbookpro"/>
    <property name="path.separator" value=":"/>
    <property name="os.version" value="10.14.6"/>
    <property name="java.endorsed.dirs" value="/Library/Java/JavaVirtualMachines/jdk1.8.0_221.jdk/Contents/Home/jre/lib/endorsed"/>
    <property name="java.runtime.name" value="Java(TM) SE Runtime Environment"/>
    <property name="file.encoding" value="UTF-8"/>
    <property name="java.vm.name" value="Java HotSpot(TM) 64-Bit Server VM"/>
    <property name="localRepository" value="/Users/macbookpro/.m2/repository"/>
    <property name="java.vendor.url.bug" value="http://bugreport.sun.com/bugreport/"/>
    <property name="java.io.tmpdir" value="/var/folders/r_/gj592kgx0x7b4qnkwjgn0ggr0000gn/T/"/>
    <property name="java.version" value="1.8.0_221"/>
    <property name="user.dir" value="/Users/macbookpro/eclipse-workspace/tumblrapis"/>
    <property name="os.arch" value="x86_64"/>
    <property name="java.vm.specification.name" value="Java Virtual Machine Specification"/>
    <property name="java.awt.printerjob" value="sun.lwawt.macosx.CPrinterJob"/>
    <property name="sun.os.patch.level" value="unknown"/>
    <property name="java.library.path" value="/Users/macbookpro/Library/Java/Extensions:/Library/Java/Extensions:/Network/Library/Java/Extensions:/System/Library/Java/Extensions:/usr/lib/java:."/>
    <property name="java.vm.info" value="mixed mode"/>
    <property name="java.vendor" value="Oracle Corporation"/>
    <property name="java.vm.version" value="25.221-b11"/>
    <property name="java.ext.dirs" value="/Users/macbookpro/Library/Java/Extensions:/Library/Java/JavaVirtualMachines/jdk1.8.0_221.jdk/Contents/Home/jre/lib/ext:/Library/Java/Extensions:/Network/Library/Java/Extensions:/System/Library/Java/Extensions:/usr/lib/java"/>
    <property name="sun.io.unicode.encoding" value="UnicodeBig"/>
    <property name="java.class.version" value="52.0"/>
    <property name="socksNonProxyHosts" value="local|*.local|169.254/16|*.169.254/16"/>
  </properties>
  <testcase name="TumblrPostandEditTest_PostTest" classname="tumblrapis.posts.TumblrPostandEditTest" time="6.502"/>
  <testcase name="TumblrPostandEditTest_verifyPostTest" classname="tumblrapis.posts.TumblrPostandEditTest" time="0.298"/>
  <testcase name="TumblrPostandEditTest_EditPostTest" classname="tumblrapis.posts.TumblrPostandEditTest" time="0.289"/>
  <testcase name="TumblrPostandEditTest_verfiyEditPostTest" classname="tumblrapis.posts.TumblrPostandEditTest" time="0.304"/>
  <testcase name="GetAllTumblrPostsTest" classname="tumblrapis.posts.TumblrGetLikesTest" time="0.375"/>
  <testcase name="TumblrPostandDeleteTest_PostTest" classname="tumblrapis.posts.TumblrPostandDeleteTest" time="0.491"/>
  <testcase name="TumblrPostandDeleteTest_verifyPostTest" classname="tumblrapis.posts.TumblrPostandDeleteTest" time="0.298"/>
  <testcase name="TumblrPostandDeleteTest_DeletePostTest" classname="tumblrapis.posts.TumblrPostandDeleteTest" time="0.267"/>
  <testcase name="TumblrPostandDeleteTest_verfiyDeletePostTest" classname="tumblrapis.posts.TumblrPostandDeleteTest" time="0.292"/>
  <testcase name="GetAllTumblrPostsTest" classname="tumblrapis.posts.TumblrGetFollowingTest" time="0.351"/>
  <testcase name="GetAllTumblrPostsTest" classname="tumblrapis.posts.TumblrGetFollowersTest" time="0.296"/>
  <testcase name="GetAllTumblrPostsTest" classname="tumblrapis.posts.TumblrGetAllPostsTest" time="0.355"/>
</testsuite>