<?xml version="1.0" encoding="UTF-8"?>
<!-- Generated by org.testng.reporters.JUnitReportReporter -->
<testsuite skipped="0" hostname="macbookpros-MacBook-Pro.local" name="angee.tumblrapis.post.Basic" tests="1" failures="0" timestamp="24 Oct 2019 23:07:01 GMT" time="1.435" errors="0">
  <testcase name="verifyTumblrPost" time="1.435" classname="angee.tumblrapis.post.Basic"/>
</testsuite> <!-- angee.tumblrapis.post.Basic -->
