<?xml version="1.0" encoding="UTF-8"?>
<!-- Generated by org.testng.reporters.JUnitReportReporter -->
<testsuite skipped="0" hostname="macbookpros-MacBook-Pro.local" name="angee.tumblrapis.post.TumblrPostandDelete" tests="4" failures="0" timestamp="25 Oct 2019 15:37:58 GMT" time="2.291" errors="0">
  <testcase name="verifyTumblrPost" time="0.328" classname="angee.tumblrapis.post.TumblrPostandDelete"/>
  <testcase name="verfiyDeleteTumblrPost" time="0.244" classname="angee.tumblrapis.post.TumblrPostandDelete"/>
  <testcase name="TumblrPost" time="1.447" classname="angee.tumblrapis.post.TumblrPostandDelete"/>
  <testcase name="DeleteTumblrPost" time="0.272" classname="angee.tumblrapis.post.TumblrPostandDelete"/>
</testsuite> <!-- angee.tumblrapis.post.TumblrPostandDelete -->
