<?xml version="1.0" encoding="UTF-8"?>
<!-- Generated by org.testng.reporters.JUnitReportReporter -->
<testsuite skipped="0" hostname="macbookpros-MacBook-Pro.local" name="tumblrapis.posts.TumblrGetFollowing" tests="1" failures="0" timestamp="25 Dec 2019 01:03:50 GMT" time="0.294" errors="0">
  <testcase name="GetAllTumblrPosts" time="0.294" classname="tumblrapis.posts.TumblrGetFollowing"/>
</testsuite> <!-- tumblrapis.posts.TumblrGetFollowing -->
