<?xml version="1.0" encoding="UTF-8"?>
<!-- Generated by org.testng.reporters.JUnitReportReporter -->
<testsuite skipped="0" hostname="macbookpros-MacBook-Pro.local" name="angee.tumblrapis.post.TumblrPostandEdit" tests="4" failures="0" timestamp="25 Oct 2019 15:37:40 GMT" time="2.649" errors="0">
  <testcase name="EditTumblrPost" time="0.271" classname="angee.tumblrapis.post.TumblrPostandEdit"/>
  <testcase name="verfiyEditTumblrPost" time="0.277" classname="angee.tumblrapis.post.TumblrPostandEdit"/>
  <testcase name="verifyTumblrPost" time="0.291" classname="angee.tumblrapis.post.TumblrPostandEdit"/>
  <testcase name="TumblrPost" time="1.810" classname="angee.tumblrapis.post.TumblrPostandEdit"/>
</testsuite> <!-- angee.tumblrapis.post.TumblrPostandEdit -->
