<?xml version="1.0" encoding="UTF-8"?>
<!-- Generated by org.testng.reporters.JUnitReportReporter -->
<testsuite skipped="0" hostname="macbookpros-MacBook-Pro.local" name="tumblrapis.posts.TumblrPostandEdit" tests="4" failures="0" timestamp="25 Dec 2019 01:04:05 GMT" time="3.403" errors="0">
  <testcase name="verfiyEditTumblrPost" time="0.301" classname="tumblrapis.posts.TumblrPostandEdit"/>
  <testcase name="verifyTumblrPost" time="0.351" classname="tumblrapis.posts.TumblrPostandEdit"/>
  <testcase name="TumblrPost" time="2.467" classname="tumblrapis.posts.TumblrPostandEdit"/>
  <testcase name="EditTumblrPost" time="0.284" classname="tumblrapis.posts.TumblrPostandEdit"/>
</testsuite> <!-- tumblrapis.posts.TumblrPostandEdit -->
