<?xml version="1.0" encoding="UTF-8"?>
<!-- Generated by org.testng.reporters.JUnitReportReporter -->
<testsuite skipped="0" hostname="macbookpros-MacBook-Pro.local" name="tumblrapis.posts.TumblrGetAllPostsTest" tests="1" failures="0" timestamp="30 Dec 2019 23:32:07 GMT" time="6.475" errors="0">
  <testcase name="GetAllTumblrPostsTest" time="6.475" classname="tumblrapis.posts.TumblrGetAllPostsTest"/>
</testsuite> <!-- tumblrapis.posts.TumblrGetAllPostsTest -->
