<?xml version="1.0" encoding="UTF-8"?>
<!-- Generated by org.testng.reporters.JUnitReportReporter -->
<testsuite skipped="0" hostname="macbookpros-MacBook-Pro.local" name="tumblrapis.posts.TumblrPostandEditTest" tests="4" failures="0" timestamp="25 Dec 2019 23:46:41 GMT" time="5.952" errors="0">
  <testcase name="TumblrPostTest" time="5.034" classname="tumblrapis.posts.TumblrPostandEditTest"/>
  <testcase name="verfiyEditTumblrPostTest" time="0.287" classname="tumblrapis.posts.TumblrPostandEditTest"/>
  <testcase name="EditTumblrPostTest" time="0.288" classname="tumblrapis.posts.TumblrPostandEditTest"/>
  <testcase name="verifyTumblrPostTest" time="0.343" classname="tumblrapis.posts.TumblrPostandEditTest"/>
</testsuite> <!-- tumblrapis.posts.TumblrPostandEditTest -->
