<?xml version="1.0" encoding="UTF-8"?>
<!-- Generated by org.testng.reporters.JUnitReportReporter -->
<testsuite skipped="0" hostname="macbookpros-MacBook-Pro.local" name="angee.tumblrapis.post.TumblrPost" tests="1" failures="0" timestamp="24 Oct 2019 23:23:55 GMT" time="1.746" errors="0">
  <testcase name="verifyTumblrPost" time="1.746" classname="angee.tumblrapis.post.TumblrPost"/>
</testsuite> <!-- angee.tumblrapis.post.TumblrPost -->
