<?xml version="1.0" encoding="UTF-8"?>
<!-- Generated by org.testng.reporters.JUnitReportReporter -->
<testsuite skipped="0" hostname="macbookpros-MacBook-Pro.local" name="tumblrapis.posts.TumblrGetFollowers" tests="1" failures="0" timestamp="25 Dec 2019 01:03:45 GMT" time="0.319" errors="0">
  <testcase name="GetAllTumblrPosts" time="0.319" classname="tumblrapis.posts.TumblrGetFollowers"/>
</testsuite> <!-- tumblrapis.posts.TumblrGetFollowers -->
