<?xml version="1.0" encoding="UTF-8"?>
<!-- Generated by org.testng.reporters.JUnitReportReporter -->
<testsuite skipped="0" hostname="macbookpros-MacBook-Pro.local" name="tumblrapis.posts.TumblrGetLikes" tests="1" failures="0" timestamp="25 Oct 2019 18:22:50 GMT" time="1.381" errors="0">
  <testcase name="GetAllTumblrPosts" time="1.381" classname="tumblrapis.posts.TumblrGetLikes"/>
</testsuite> <!-- tumblrapis.posts.TumblrGetLikes -->
