<?xml version="1.0" encoding="UTF-8"?>
<!-- Generated by org.testng.reporters.JUnitReportReporter -->
<testsuite skipped="0" hostname="macbookpros-MacBook-Pro.local" name="tumblrapis.posts.TumblrGetFollowing" tests="1" failures="0" timestamp="25 Oct 2019 17:58:08 GMT" time="1.283" errors="0">
  <testcase name="GetAllTumblrPosts" time="1.283" classname="tumblrapis.posts.TumblrGetFollowing"/>
</testsuite> <!-- tumblrapis.posts.TumblrGetFollowing -->
