<?xml version="1.0" encoding="UTF-8"?>
<!-- Generated by org.testng.reporters.JUnitReportReporter -->
<testsuite skipped="0" hostname="macbookpros-MacBook-Pro.local" name="tumblrapis.posts.TumblrGetAllPosts" tests="1" failures="0" timestamp="25 Oct 2019 16:43:40 GMT" time="1.338" errors="0">
  <testcase name="GetAllTumblrPosts" time="1.338" classname="tumblrapis.posts.TumblrGetAllPosts"/>
</testsuite> <!-- tumblrapis.posts.TumblrGetAllPosts -->
