<?xml version="1.0" encoding="UTF-8"?>
<!-- Generated by org.testng.reporters.JUnitReportReporter -->
<testsuite skipped="0" hostname="macbookpros-MacBook-Pro.local" name="tumblrapis.posts.TumblrGetLikes" tests="1" failures="0" timestamp="25 Dec 2019 01:04:00 GMT" time="0.361" errors="0">
  <testcase name="GetAllTumblrPosts" time="0.361" classname="tumblrapis.posts.TumblrGetLikes"/>
</testsuite> <!-- tumblrapis.posts.TumblrGetLikes -->
