<?xml version="1.0" encoding="UTF-8"?>
<!-- Generated by org.testng.reporters.JUnitReportReporter -->
<testsuite skipped="0" hostname="macbookpros-MacBook-Pro.local" name="tumblrapis.posts.TumblrGetFollowers" tests="1" failures="0" timestamp="25 Oct 2019 17:55:31 GMT" time="1.368" errors="0">
  <testcase name="GetAllTumblrPosts" time="1.368" classname="tumblrapis.posts.TumblrGetFollowers"/>
</testsuite> <!-- tumblrapis.posts.TumblrGetFollowers -->
