<?xml version="1.0" encoding="UTF-8"?>
<!-- Generated by org.testng.reporters.JUnitReportReporter -->
<testsuite skipped="0" hostname="macbookpros-MacBook-Pro.local" name="tumblrapis.posts.TumblrPostandDelete" tests="4" failures="0" timestamp="25 Dec 2019 01:04:10 GMT" time="1.100" errors="0">
  <testcase name="verfiyDeleteTumblrPost" time="0.245" classname="tumblrapis.posts.TumblrPostandDelete"/>
  <testcase name="verifyTumblrPost" time="0.309" classname="tumblrapis.posts.TumblrPostandDelete"/>
  <testcase name="DeleteTumblrPost" time="0.235" classname="tumblrapis.posts.TumblrPostandDelete"/>
  <testcase name="TumblrPost" time="0.311" classname="tumblrapis.posts.TumblrPostandDelete"/>
</testsuite> <!-- tumblrapis.posts.TumblrPostandDelete -->
