<?xml version="1.0" encoding="UTF-8"?>
<!-- Generated by org.testng.reporters.JUnitReportReporter -->
<testsuite skipped="0" hostname="macbookpros-MacBook-Pro.local" name="tumblrapis.posts.TumblrPostandDeleteTest" tests="4" failures="0" timestamp="25 Dec 2019 23:14:51 GMT" time="2.332" errors="0">
  <testcase name="TumblrPostTest" time="1.528" classname="tumblrapis.posts.TumblrPostandDeleteTest"/>
  <testcase name="verifyTumblrPostTest" time="0.291" classname="tumblrapis.posts.TumblrPostandDeleteTest"/>
  <testcase name="DeleteTumblrPostTest" time="0.269" classname="tumblrapis.posts.TumblrPostandDeleteTest"/>
  <testcase name="verfiyDeleteTumblrPostTest" time="0.244" classname="tumblrapis.posts.TumblrPostandDeleteTest"/>
</testsuite> <!-- tumblrapis.posts.TumblrPostandDeleteTest -->
