<?xml version="1.0" encoding="UTF-8"?>
<!-- Generated by org.testng.reporters.JUnitReportReporter -->
<testsuite skipped="0" hostname="macbookpros-MacBook-Pro.local" name="tumblrapis.posts.TumblrGetLikesTest" tests="1" failures="0" timestamp="2019-12-26T16:21:16 PST" time="0.369" errors="0">
  <testcase name="GetAllTumblrPostsTest" time="0.369" classname="tumblrapis.posts.TumblrGetLikesTest"/>
</testsuite> <!-- tumblrapis.posts.TumblrGetLikesTest -->
