<?xml version="1.0" encoding="UTF-8"?>
<!-- Generated by org.testng.reporters.JUnitReportReporter -->
<testsuite skipped="0" hostname="macbookpros-MacBook-Pro.local" name="tumblrapis.posts.TumblrGetAllPostsTest" tests="1" failures="0" timestamp="2019-12-26T16:20:51 PST" time="0.340" errors="0">
  <testcase name="GetAllTumblrPostsTest" time="0.340" classname="tumblrapis.posts.TumblrGetAllPostsTest"/>
</testsuite> <!-- tumblrapis.posts.TumblrGetAllPostsTest -->
