<?xml version="1.0" encoding="UTF-8"?>
<!-- Generated by org.testng.reporters.JUnitReportReporter -->
<testsuite skipped="0" hostname="macbookpros-MacBook-Pro.local" name="tumblrapis.posts.TumblrPostandEditTest" tests="4" failures="0" timestamp="2020-01-02T11:36:33 PST" time="1.991" errors="0">
  <testcase name="TumblrPostandEditTest_PostTest" time="0.645" classname="tumblrapis.posts.TumblrPostandEditTest"/>
  <testcase name="TumblrPostandEditTest_verfiyEditPostTest" time="0.380" classname="tumblrapis.posts.TumblrPostandEditTest"/>
  <testcase name="TumblrPostandEditTest_verifyPostTest" time="0.473" classname="tumblrapis.posts.TumblrPostandEditTest"/>
  <testcase name="TumblrPostandEditTest_EditPostTest" time="0.493" classname="tumblrapis.posts.TumblrPostandEditTest"/>
</testsuite> <!-- tumblrapis.posts.TumblrPostandEditTest -->
