<?xml version="1.0" encoding="UTF-8"?>
<!-- Generated by org.testng.reporters.JUnitReportReporter -->
<testsuite skipped="0" hostname="macbookpros-MacBook-Pro.local" name="tumblrapis.posts.TumblrPostandDeleteTest" tests="4" failures="0" timestamp="2020-01-02T11:36:38 PST" time="9.379" errors="0">
  <testcase name="TumblrPostandDeleteTest_verfiyDeletePostTest" time="0.279" classname="tumblrapis.posts.TumblrPostandDeleteTest"/>
  <testcase name="TumblrPostandDeleteTest_DeletePostTest" time="0.268" classname="tumblrapis.posts.TumblrPostandDeleteTest"/>
  <testcase name="TumblrPostandDeleteTest_PostTest" time="8.490" classname="tumblrapis.posts.TumblrPostandDeleteTest"/>
  <testcase name="TumblrPostandDeleteTest_verifyPostTest" time="0.342" classname="tumblrapis.posts.TumblrPostandDeleteTest"/>
</testsuite> <!-- tumblrapis.posts.TumblrPostandDeleteTest -->
