<?xml version="1.0" encoding="UTF-8"?>
<!-- Generated by org.testng.reporters.JUnitReportReporter -->
<testsuite skipped="0" hostname="macbookpros-MacBook-Pro.local" name="tumblrapis.posts.TumblrGetFollowingTest" tests="1" failures="0" timestamp="2020-01-02T11:36:53 PST" time="0.304" errors="0">
  <testcase name="GetAllTumblrPostsTest" time="0.304" classname="tumblrapis.posts.TumblrGetFollowingTest"/>
</testsuite> <!-- tumblrapis.posts.TumblrGetFollowingTest -->
