<?xml version="1.0" encoding="UTF-8"?>
<!-- Generated by org.testng.reporters.JUnitReportReporter -->
<testsuite skipped="0" hostname="macbookpros-MacBook-Pro.local" name="tumblrapis.posts.TumblrPostandDeleteTest" tests="4" failures="0" timestamp="2019-12-26T16:21:01 PST" time="1.350" errors="0">
  <testcase name="TumblrPostandDeleteTest_verifyPostTest" time="0.299" classname="tumblrapis.posts.TumblrPostandDeleteTest"/>
  <testcase name="TumblrPostandDeleteTest_DeletePostTest" time="0.268" classname="tumblrapis.posts.TumblrPostandDeleteTest"/>
  <testcase name="TumblrPostandDeleteTest_PostTest" time="0.491" classname="tumblrapis.posts.TumblrPostandDeleteTest"/>
  <testcase name="TumblrPostandDeleteTest_verfiyDeletePostTest" time="0.292" classname="tumblrapis.posts.TumblrPostandDeleteTest"/>
</testsuite> <!-- tumblrapis.posts.TumblrPostandDeleteTest -->
