<?xml version="1.0" encoding="UTF-8"?>
<!-- Generated by org.testng.reporters.JUnitReportReporter -->
<testsuite skipped="0" hostname="macbookpros-MacBook-Pro.local" name="tumblrapis.posts.TumblrPostandEditTest" tests="4" failures="0" timestamp="2019-12-26T16:20:56 PST" time="7.397" errors="0">
  <testcase name="TumblrPostandEditTest_verifyPostTest" time="0.300" classname="tumblrapis.posts.TumblrPostandEditTest"/>
  <testcase name="TumblrPostandEditTest_verfiyEditPostTest" time="0.305" classname="tumblrapis.posts.TumblrPostandEditTest"/>
  <testcase name="TumblrPostandEditTest_PostTest" time="6.503" classname="tumblrapis.posts.TumblrPostandEditTest"/>
  <testcase name="TumblrPostandEditTest_EditPostTest" time="0.289" classname="tumblrapis.posts.TumblrPostandEditTest"/>
</testsuite> <!-- tumblrapis.posts.TumblrPostandEditTest -->
