<?xml version="1.0" encoding="UTF-8"?>
<!-- Generated by org.testng.reporters.JUnitReportReporter -->
<testsuite skipped="0" hostname="macbookpros-MacBook-Pro.local" name="tumblrapis.posts.TumblrGetAllPostsTest" tests="1" failures="0" timestamp="2020-01-02T11:36:28 PST" time="0.650" errors="0">
  <testcase name="GetAllTumblrPostsTest" time="0.650" classname="tumblrapis.posts.TumblrGetAllPostsTest"/>
</testsuite> <!-- tumblrapis.posts.TumblrGetAllPostsTest -->
